<?xml version="1.0" encoding="UTF-8"?>
<!-- Generated by org.testng.reporters.JUnitReportReporter -->
<testsuite skipped="0" hostname="NTQ-PC" name="Tests.Login_Try" tests="6" failures="0" timestamp="06 Oct 2017 09:46:23 GMT" time="275.859" errors="0">
  <testcase name="Unexisted_acc" time="47.819" classname="Tests.Login_Try"/>
  <testcase name="Blank_acc" time="42.974" classname="Tests.Login_Try"/>
  <testcase name="LoginSuccess" time="51.442" classname="Tests.Login_Try"/>
  <testcase name="Blank_acc_pw" time="44.706" classname="Tests.Login_Try"/>
  <testcase name="Invalid_pw" time="43.714" classname="Tests.Login_Try"/>
  <testcase name="Blank_pw" time="45.204" classname="Tests.Login_Try"/>
</testsuite> <!-- Tests.Login_Try -->
