<?xml version="1.0" encoding="UTF-8"?>
<!-- Generated by org.testng.reporters.JUnitReportReporter -->
<testsuite skipped="0" hostname="NTQ-PC" name="Tests.Login_Try" tests="1" failures="0" timestamp="06 Oct 2017 10:44:22 GMT" time="48.749" errors="0">
  <testcase name="LoginSuccess" time="48.749" classname="Tests.Login_Try"/>
</testsuite> <!-- Tests.Login_Try -->
